<?xml version="1.0" encoding="UTF-8"?>
<testng-results ignored="0" total="1" passed="1" failed="0" skipped="0">
  <reporter-output>
  </reporter-output>
  <suite started-at="2022-11-06T18:47:16 IST" name="Default suite" finished-at="2022-11-06T18:47:24 IST" duration-ms="7795">
    <groups>
    </groups>
    <test started-at="2022-11-06T18:47:16 IST" name="Default test" finished-at="2022-11-06T18:47:24 IST" duration-ms="7795">
      <class name="Test.SwagLabLoginTest">
        <test-method is-config="true" signature="launchBrowser()[pri:0, instance:Test.SwagLabLoginTest@3ce1e309]" started-at="2022-11-06T18:47:16 IST" name="launchBrowser" finished-at="2022-11-06T18:47:22 IST" duration-ms="5865" status="PASS">
          <reporter-output>
          </reporter-output>
        </test-method> <!-- launchBrowser -->
        <test-method signature="SwagLabHome()[pri:0, instance:Test.SwagLabLoginTest@3ce1e309]" started-at="2022-11-06T18:47:22 IST" name="SwagLabHome" finished-at="2022-11-06T18:47:24 IST" duration-ms="1867" status="PASS">
          <reporter-output>
          </reporter-output>
        </test-method> <!-- SwagLabHome -->
      </class> <!-- Test.SwagLabLoginTest -->
    </test> <!-- Default test -->
  </suite> <!-- Default suite -->
</testng-results>
